build/app/intermediates/manifest_merge_blame_file/debug/manifest-merger-blame-debug-report.txt
1<?xml version="1.0" encoding="utf-8"?>
2<manifest xmlns:android="http://schemas.android.com/apk/res/android"
3    package="br.com.sam.app_codigos"
4    android:versionCode="1"
5    android:versionName="1.0.0" >
6
7    <uses-sdk
8        android:minSdkVersion="21"
9        android:targetSdkVersion="28" />
10    <!--
11         Flutter needs it to communicate with the running application
12         to allow setting breakpoints, to provide hot reload, etc.
13    -->
14    <uses-permission android:name="android.permission.INTERNET" />
14-->src\debug\AndroidManifest.xml:6:5-66
14-->src\debug\AndroidManifest.xml:6:22-64
15    <!-- Although the *SdkVersion is captured in gradle build files, this is required for non gradle builds -->
16    <!-- <uses-sdk android:minSdkVersion="14" /> -->
17    <uses-permission android:name="android.permission.ACCESS_NETWORK_STATE" />
17-->[com.google.firebase:firebase-firestore:21.3.0] AndroidManifest.xml:13:5-79
17-->[com.google.firebase:firebase-firestore:21.3.0] AndroidManifest.xml:13:22-76
18    <uses-permission android:name="android.permission.WAKE_LOCK" /> <!-- Required by older versions of Google Play services to create IID tokens -->
18-->[com.google.firebase:firebase-iid:20.0.1] AndroidManifest.xml:24:5-68
18-->[com.google.firebase:firebase-iid:20.0.1] AndroidManifest.xml:24:22-65
19    <uses-permission android:name="com.google.android.c2dm.permission.RECEIVE" />
19-->[com.google.firebase:firebase-iid:20.0.1] AndroidManifest.xml:26:5-82
19-->[com.google.firebase:firebase-iid:20.0.1] AndroidManifest.xml:26:22-79
20    <!--
21 io.flutter.app.FlutterApplication is an android.app.Application that
22         calls FlutterMain.startInitialization(this); in its onCreate method.
23         In most cases you can leave this as-is, but you if you want to provide
24         additional functionality it is fine to subclass or reimplement
25         FlutterApplication and put your custom class here.
26    -->
27    <application
27-->src\main\AndroidManifest.xml:8:5-46:19
28        android:name="io.flutter.app.FlutterApplication"
28-->src\main\AndroidManifest.xml:9:9-57
29        android:appComponentFactory="androidx.core.app.CoreComponentFactory"
29-->[androidx.core:core:1.1.0] AndroidManifest.xml:24:18-86
30        android:debuggable="true"
31        android:icon="@mipmap/ic_launcher"
31-->src\main\AndroidManifest.xml:11:9-43
32        android:label="app_codigos" >
32-->src\main\AndroidManifest.xml:10:9-36
33        <activity
33-->src\main\AndroidManifest.xml:12:9-40:20
34            android:name="br.com.sam.app_codigos.MainActivity"
34-->src\main\AndroidManifest.xml:13:13-41
35            android:configChanges="orientation|keyboardHidden|keyboard|screenSize|smallestScreenSize|locale|layoutDirection|fontScale|screenLayout|density|uiMode"
35-->src\main\AndroidManifest.xml:16:13-163
36            android:hardwareAccelerated="true"
36-->src\main\AndroidManifest.xml:17:13-47
37            android:launchMode="singleTop"
37-->src\main\AndroidManifest.xml:14:13-43
38            android:theme="@style/LaunchTheme"
38-->src\main\AndroidManifest.xml:15:13-47
39            android:windowSoftInputMode="adjustResize" >
39-->src\main\AndroidManifest.xml:18:13-55
40
41            <!--
42                 Specifies an Android theme to apply to this Activity as soon as
43                 the Android process has started. This theme is visible to the user
44                 while the Flutter UI initializes. After that, this theme continues
45                 to determine the Window background behind the Flutter UI.
46            -->
47            <meta-data
47-->src\main\AndroidManifest.xml:23:13-26:17
48                android:name="io.flutter.embedding.android.NormalTheme"
48-->src\main\AndroidManifest.xml:24:15-70
49                android:resource="@style/NormalTheme" />
49-->src\main\AndroidManifest.xml:25:15-52
50            <!--
51                 Displays an Android View that continues showing the launch screen
52                 Drawable until Flutter paints its first frame, then this splash
53                 screen fades out. A splash screen is useful to avoid any visual
54                 gap between the end of Android's launch screen and the painting of
55                 Flutter's first frame.
56            -->
57            <meta-data
57-->src\main\AndroidManifest.xml:32:13-35:17
58                android:name="io.flutter.embedding.android.SplashScreenDrawable"
58-->src\main\AndroidManifest.xml:33:15-79
59                android:resource="@drawable/launch_background" />
59-->src\main\AndroidManifest.xml:34:15-61
60
61            <intent-filter>
61-->src\main\AndroidManifest.xml:36:13-39:29
62                <action android:name="android.intent.action.MAIN" />
62-->src\main\AndroidManifest.xml:37:17-68
62-->src\main\AndroidManifest.xml:37:25-66
63
64                <category android:name="android.intent.category.LAUNCHER" />
64-->src\main\AndroidManifest.xml:38:17-76
64-->src\main\AndroidManifest.xml:38:27-74
65            </intent-filter>
66        </activity>
67        <!--
68             Don't delete the meta-data below.
69             This is used by the Flutter tool to generate GeneratedPluginRegistrant.java
70        -->
71        <meta-data
71-->src\main\AndroidManifest.xml:43:9-45:33
72            android:name="flutterEmbedding"
72-->src\main\AndroidManifest.xml:44:13-44
73            android:value="2" />
73-->src\main\AndroidManifest.xml:45:13-30
74
75        <service
75-->[:firebase_auth] AndroidManifest.xml:8:9-12:19
76            android:name="com.google.firebase.components.ComponentDiscoveryService"
76-->[:firebase_auth] AndroidManifest.xml:8:18-89
77            android:directBootAware="true"
77-->[com.google.firebase:firebase-common:19.3.0] AndroidManifest.xml:34:13-43
78            android:exported="false" >
78-->[com.google.firebase:firebase-auth:19.2.0] AndroidManifest.xml:35:13-37
79            <meta-data
79-->[:firebase_auth] AndroidManifest.xml:9:13-11:85
80                android:name="com.google.firebase.components:io.flutter.plugins.firebaseauth.FlutterFirebaseAppRegistrar"
80-->[:firebase_auth] AndroidManifest.xml:10:17-122
81                android:value="com.google.firebase.components.ComponentRegistrar" />
81-->[:firebase_auth] AndroidManifest.xml:11:17-82
82            <meta-data
82-->[:cloud_firestore] AndroidManifest.xml:9:13-11:85
83                android:name="com.google.firebase.components:io.flutter.plugins.firebase.cloudfirestore.FlutterFirebaseAppRegistrar"
83-->[:cloud_firestore] AndroidManifest.xml:10:17-133
84                android:value="com.google.firebase.components.ComponentRegistrar" />
84-->[:cloud_firestore] AndroidManifest.xml:11:17-82
85            <meta-data
85-->[:firebase_core] AndroidManifest.xml:9:13-11:85
86                android:name="com.google.firebase.components:io.flutter.plugins.firebase.core.FlutterFirebaseAppRegistrar"
86-->[:firebase_core] AndroidManifest.xml:10:17-123
87                android:value="com.google.firebase.components.ComponentRegistrar" />
87-->[:firebase_core] AndroidManifest.xml:11:17-82
88            <meta-data
88-->[:firebase_messaging] AndroidManifest.xml:14:13-16:85
89                android:name="com.google.firebase.components:io.flutter.plugins.firebasemessaging.FlutterFirebaseAppRegistrar"
89-->[:firebase_messaging] AndroidManifest.xml:15:17-127
90                android:value="com.google.firebase.components.ComponentRegistrar" />
90-->[:firebase_messaging] AndroidManifest.xml:16:17-82
91            <meta-data
91-->[com.google.firebase:firebase-auth:19.2.0] AndroidManifest.xml:36:13-38:85
92                android:name="com.google.firebase.components:com.google.firebase.auth.FirebaseAuthRegistrar"
92-->[com.google.firebase:firebase-auth:19.2.0] AndroidManifest.xml:37:17-109
93                android:value="com.google.firebase.components.ComponentRegistrar" />
93-->[com.google.firebase:firebase-auth:19.2.0] AndroidManifest.xml:38:17-82
94            <meta-data
94-->[com.google.firebase:firebase-firestore:21.3.0] AndroidManifest.xml:20:13-22:85
95                android:name="com.google.firebase.components:com.google.firebase.firestore.FirestoreRegistrar"
95-->[com.google.firebase:firebase-firestore:21.3.0] AndroidManifest.xml:21:17-111
96                android:value="com.google.firebase.components.ComponentRegistrar" />
96-->[com.google.firebase:firebase-firestore:21.3.0] AndroidManifest.xml:22:17-82
97            <meta-data
97-->[com.google.firebase:firebase-iid:20.0.1] AndroidManifest.xml:32:13-34:85
98                android:name="com.google.firebase.components:com.google.firebase.iid.Registrar"
98-->[com.google.firebase:firebase-iid:20.0.1] AndroidManifest.xml:33:17-96
99                android:value="com.google.firebase.components.ComponentRegistrar" />
99-->[com.google.firebase:firebase-iid:20.0.1] AndroidManifest.xml:34:17-82
100        </service>
101        <service android:name="io.flutter.plugins.firebasemessaging.FlutterFirebaseMessagingService" >
101-->[:firebase_messaging] AndroidManifest.xml:8:9-12:19
101-->[:firebase_messaging] AndroidManifest.xml:8:18-101
102            <intent-filter>
102-->[:firebase_messaging] AndroidManifest.xml:9:13-11:29
103                <action android:name="com.google.firebase.MESSAGING_EVENT" />
103-->[:firebase_messaging] AndroidManifest.xml:10:17-78
103-->[:firebase_messaging] AndroidManifest.xml:10:25-75
104            </intent-filter>
105        </service>
106
107        <activity
107-->[com.google.firebase:firebase-auth:19.2.0] AndroidManifest.xml:24:9-31:50
108            android:name="com.google.firebase.auth.internal.FederatedSignInActivity"
108-->[com.google.firebase:firebase-auth:19.2.0] AndroidManifest.xml:25:13-85
109            android:excludeFromRecents="true"
109-->[com.google.firebase:firebase-auth:19.2.0] AndroidManifest.xml:26:13-46
110            android:exported="true"
110-->[com.google.firebase:firebase-auth:19.2.0] AndroidManifest.xml:27:13-36
111            android:launchMode="singleTask"
111-->[com.google.firebase:firebase-auth:19.2.0] AndroidManifest.xml:28:13-44
112            android:permission="com.google.firebase.auth.api.gms.permission.LAUNCH_FEDERATED_SIGN_IN"
112-->[com.google.firebase:firebase-auth:19.2.0] AndroidManifest.xml:29:13-102
113            android:theme="@android:style/Theme.Translucent.NoTitleBar" />
113-->[com.google.firebase:firebase-auth:19.2.0] AndroidManifest.xml:30:13-72
114        <!--
115             FirebaseMessagingService performs security checks at runtime,
116             but set to not exported to explicitly avoid allowing another app to call it.
117        -->
118        <service
118-->[com.google.firebase:firebase-messaging:20.0.1] AndroidManifest.xml:28:9-34:19
119            android:name="com.google.firebase.messaging.FirebaseMessagingService"
119-->[com.google.firebase:firebase-messaging:20.0.1] AndroidManifest.xml:29:13-82
120            android:exported="false" >
120-->[com.google.firebase:firebase-messaging:20.0.1] AndroidManifest.xml:30:13-37
121            <intent-filter android:priority="-500" >
121-->[:firebase_messaging] AndroidManifest.xml:9:13-11:29
122                <action android:name="com.google.firebase.MESSAGING_EVENT" />
122-->[:firebase_messaging] AndroidManifest.xml:10:17-78
122-->[:firebase_messaging] AndroidManifest.xml:10:25-75
123            </intent-filter>
124        </service>
125
126        <receiver
126-->[com.google.firebase:firebase-iid:20.0.1] AndroidManifest.xml:37:9-44:20
127            android:name="com.google.firebase.iid.FirebaseInstanceIdReceiver"
127-->[com.google.firebase:firebase-iid:20.0.1] AndroidManifest.xml:38:13-78
128            android:exported="true"
128-->[com.google.firebase:firebase-iid:20.0.1] AndroidManifest.xml:39:13-36
129            android:permission="com.google.android.c2dm.permission.SEND" >
129-->[com.google.firebase:firebase-iid:20.0.1] AndroidManifest.xml:40:13-73
130            <intent-filter>
130-->[com.google.firebase:firebase-iid:20.0.1] AndroidManifest.xml:41:13-43:29
131                <action android:name="com.google.android.c2dm.intent.RECEIVE" />
131-->[com.google.firebase:firebase-iid:20.0.1] AndroidManifest.xml:42:17-81
131-->[com.google.firebase:firebase-iid:20.0.1] AndroidManifest.xml:42:25-78
132            </intent-filter>
133        </receiver>
134
135        <activity
135-->[com.google.android.gms:play-services-base:17.1.0] AndroidManifest.xml:23:9-26:75
136            android:name="com.google.android.gms.common.api.GoogleApiActivity"
136-->[com.google.android.gms:play-services-base:17.1.0] AndroidManifest.xml:24:13-79
137            android:exported="false"
137-->[com.google.android.gms:play-services-base:17.1.0] AndroidManifest.xml:25:13-37
138            android:theme="@android:style/Theme.Translucent.NoTitleBar" />
138-->[com.google.android.gms:play-services-base:17.1.0] AndroidManifest.xml:26:13-72
139
140        <provider
140-->[com.google.firebase:firebase-common:19.3.0] AndroidManifest.xml:26:9-30:39
141            android:name="com.google.firebase.provider.FirebaseInitProvider"
141-->[com.google.firebase:firebase-common:19.3.0] AndroidManifest.xml:27:13-77
142            android:authorities="br.com.sam.app_codigos.firebaseinitprovider"
142-->[com.google.firebase:firebase-common:19.3.0] AndroidManifest.xml:28:13-72
143            android:exported="false"
143-->[com.google.firebase:firebase-common:19.3.0] AndroidManifest.xml:29:13-37
144            android:initOrder="100" />
144-->[com.google.firebase:firebase-common:19.3.0] AndroidManifest.xml:30:13-36
145
146        <meta-data
146-->[com.google.android.gms:play-services-basement:17.0.0] AndroidManifest.xml:23:9-25:69
147            android:name="com.google.android.gms.version"
147-->[com.google.android.gms:play-services-basement:17.0.0] AndroidManifest.xml:24:13-58
148            android:value="@integer/google_play_services_version" />
148-->[com.google.android.gms:play-services-basement:17.0.0] AndroidManifest.xml:25:13-66
149    </application>
150
151</manifest>